<?xml version="1.0" encoding="UTF-8"?>
<!-- Generated by org.testng.reporters.JUnitReportReporter -->
<testsuite hostname="DESKTOP-T2FG83M" failures="0" tests="3" name="selenium_case.OrangeHRM_Case" time="17.338" errors="0" timestamp="29 Oct 2022 06:19:22 GMT">
  <testcase classname="selenium_case.OrangeHRM_Case" name="testcase3" time="5.158"/>
  <testcase classname="selenium_case.OrangeHRM_Case" name="testcase2" time="6.490"/>
  <testcase classname="selenium_case.OrangeHRM_Case" name="testcase4" time="5.690"/>
</testsuite> <!-- selenium_case.OrangeHRM_Case -->
